#
# There is insufficient memory for the Java Runtime Environment to continue.
# Native memory allocation (malloc) failed to allocate 32744 bytes for ChunkPool::allocate
# Possible reasons:
#   The system is out of physical RAM or swap space
#   In 32 bit mode, the process size limit was hit
# Possible solutions:
#   Reduce memory load on the system
#   Increase physical memory or swap space
#   Check if swap backing store is full
#   Use 64 bit Java on a 64 bit OS
#   Decrease Java heap size (-Xmx/-Xms)
#   Decrease number of Java threads
#   Decrease Java thread stack sizes (-Xss)
#   Set larger code cache with -XX:ReservedCodeCacheSize=
# This output file may be truncated or incomplete.
#
#  Out of Memory Error (allocation.cpp:273), pid=3504, tid=8724
#
# JRE version: Java(TM) SE Runtime Environment (8.0_20-b26) (build 1.8.0_20-b26)
# Java VM: Java HotSpot(TM) 64-Bit Server VM (25.20-b23 mixed mode windows-amd64 compressed oops)
# Failed to write core dump. Minidumps are not enabled by default on client versions of Windows
#

---------------  T H R E A D  ---------------

Current thread (0x0000000019913800):  JavaThread "C1 CompilerThread3" daemon [_thread_in_native, id=8724, stack(0x000000001a1e0000,0x000000001a2e0000)]

Stack: [0x000000001a1e0000,0x000000001a2e0000]
Native frames: (J=compiled Java code, j=interpreted, Vv=VM code, C=native code)
V  [jvm.dll+0x3152fa]


Current CompileTask:
C1:   7609  732   !   3       java.awt.DefaultKeyboardFocusManager::dispatchEvent (1589 bytes)


---------------  P R O C E S S  ---------------

Java Threads: ( => current thread )
  0x0000000021b9a800 JavaThread "D3D Screen Updater" daemon [_thread_blocked, id=7068, stack(0x0000000022530000,0x0000000022630000)]
  0x0000000002870800 JavaThread "DestroyJavaVM" [_thread_blocked, id=11760, stack(0x0000000002770000,0x0000000002870000)]
  0x0000000021b41800 JavaThread "AWT-EventQueue-0" [_thread_blocked, id=7980, stack(0x0000000022330000,0x0000000022430000)]
  0x0000000019cbb000 JavaThread "AWT-Windows" daemon [_thread_in_native, id=13168, stack(0x000000001a8a0000,0x000000001a9a0000)]
  0x0000000019cb8000 JavaThread "AWT-Shutdown" [_thread_blocked, id=1740, stack(0x000000001a7a0000,0x000000001a8a0000)]
  0x0000000019cac800 JavaThread "Java2D Disposer" daemon [_thread_blocked, id=10764, stack(0x000000001a6a0000,0x000000001a7a0000)]
  0x00000000199a6000 JavaThread "Service Thread" daemon [_thread_blocked, id=7088, stack(0x000000001a2e0000,0x000000001a3e0000)]
=>0x0000000019913800 JavaThread "C1 CompilerThread3" daemon [_thread_in_native, id=8724, stack(0x000000001a1e0000,0x000000001a2e0000)]
  0x000000001990d000 JavaThread "C2 CompilerThread2" daemon [_thread_blocked, id=12072, stack(0x000000001a0e0000,0x000000001a1e0000)]
  0x0000000019909000 JavaThread "C2 CompilerThread1" daemon [_thread_blocked, id=8984, stack(0x0000000019fe0000,0x000000001a0e0000)]
  0x0000000019906000 JavaThread "C2 CompilerThread0" daemon [_thread_blocked, id=3300, stack(0x0000000019ee0000,0x0000000019fe0000)]
  0x0000000019904000 JavaThread "Attach Listener" daemon [_thread_blocked, id=4600, stack(0x0000000019de0000,0x0000000019ee0000)]
  0x0000000019903800 JavaThread "Signal Dispatcher" daemon [_thread_blocked, id=10492, stack(0x0000000019ce0000,0x0000000019de0000)]
  0x0000000002967800 JavaThread "Finalizer" daemon [_thread_blocked, id=8220, stack(0x00000000197e0000,0x00000000198e0000)]
  0x0000000002961000 JavaThread "Reference Handler" daemon [_thread_blocked, id=5720, stack(0x00000000196e0000,0x00000000197e0000)]

Other Threads:
  0x0000000017908800 VMThread [stack: 0x00000000195e0000,0x00000000196e0000] [id=8928]
  0x00000000199a8800 WatcherThread [stack: 0x000000001a3e0000,0x000000001a4e0000] [id=1172]

VM state:not at safepoint (normal execution)

VM Mutex/Monitor currently owned by a thread: None

Heap:
 PSYoungGen      total 38400K, used 11996K [0x00000000d5d80000, 0x00000000d8800000, 0x0000000100000000)
  eden space 33280K, 36% used [0x00000000d5d80000,0x00000000d6937028,0x00000000d7e00000)
  from space 5120K, 0% used [0x00000000d8300000,0x00000000d8300000,0x00000000d8800000)
  to   space 5120K, 0% used [0x00000000d7e00000,0x00000000d7e00000,0x00000000d8300000)
 ParOldGen       total 87552K, used 0K [0x0000000081800000, 0x0000000086d80000, 0x00000000d5d80000)
  object space 87552K, 0% used [0x0000000081800000,0x0000000081800000,0x0000000086d80000)
 Metaspace       used 8827K, capacity 8954K, committed 9088K, reserved 1056768K
  class space    used 1056K, capacity 1123K, committed 1152K, reserved 1048576K

Card table byte_map: [0x0000000011d30000,0x0000000012130000] byte_map_base: 0x0000000011924000

Marking Bits: (ParMarkBitMap*) 0x0000000073a6b460
 Begin Bits: [0x0000000012be0000, 0x0000000014b80000)
 End Bits:   [0x0000000014b80000, 0x0000000016b20000)

Polling page: 0x0000000002690000

CodeCache: size=245760Kb used=2604Kb max_used=2604Kb free=243155Kb
 bounds [0x0000000002970000, 0x0000000002c00000, 0x0000000011970000]
 total_blobs=1171 nmethods=731 adapters=354
 compilation: enabled

Compilation events (10 events):
Event: 7.520 Thread 0x0000000019913800 nmethod 727 0x0000000002bf9b90 code [0x0000000002bf9d00, 0x0000000002bf9f30]
Event: 7.520 Thread 0x0000000019913800  728       3       java.awt.geom.AffineTransform::translate (547 bytes)
Event: 7.522 Thread 0x0000000019913800 nmethod 728 0x0000000002bf9fd0 code [0x0000000002bfa180, 0x0000000002bfad08]
Event: 7.524 Thread 0x0000000019913800  729       3       java.awt.event.InvocationEvent::<init> (13 bytes)
Event: 7.525 Thread 0x0000000019913800 nmethod 729 0x0000000002bfae50 code [0x0000000002bfafc0, 0x0000000002bfb168]
Event: 7.525 Thread 0x0000000019913800  730       3       java.awt.event.InvocationEvent::<init> (52 bytes)
Event: 7.525 Thread 0x0000000019913800 nmethod 730 0x0000000002bfb210 code [0x0000000002bfb380, 0x0000000002bfb5c8]
Event: 7.540 Thread 0x0000000019913800  731   !   3       java.awt.event.InvocationEvent::dispatch (69 bytes)
Event: 7.541 Thread 0x0000000019913800 nmethod 731 0x0000000002bfb690 code [0x0000000002bfb840, 0x0000000002bfbeb8]
Event: 7.548 Thread 0x0000000019913800  732   !   3       java.awt.DefaultKeyboardFocusManager::dispatchEvent (1589 bytes)

GC Heap History (0 events):
No events

Deoptimization events (1 events):
Event: 0.918 Thread 0x0000000021b41800 Uncommon trap: reason=unloaded action=reinterpret pc=0x0000000002b26788 method=java.lang.CharacterData.of(I)Ljava/lang/CharacterData; @ 96

Internal exceptions (10 events):
Event: 0.201 Thread 0x0000000002870800 Exception <a 'java/io/FileNotFoundException'> (0x00000000d5e06f80) thrown at [D:\re\workspace\8-2-build-windows-amd64-cygwin\jdk8u20\1074\hotspot\src\share\vm\prims\jni.cpp, line 716]
Event: 0.266 Thread 0x0000000002870800 Exception <a 'java/io/FileNotFoundException'> (0x00000000d5f735b0) thrown at [D:\re\workspace\8-2-build-windows-amd64-cygwin\jdk8u20\1074\hotspot\src\share\vm\prims\jni.cpp, line 716]
Event: 0.296 Thread 0x0000000002870800 Exception <a 'java/lang/ClassNotFoundException': java/lang/Null> (0x00000000d5f8f868) thrown at [D:\re\workspace\8-2-build-windows-amd64-cygwin\jdk8u20\1074\hotspot\src\share\vm\classfile\systemDictionary.cpp, line 202]
Event: 0.330 Thread 0x0000000002870800 Exception <a 'java/lang/NoSuchFieldError': method resolution failed> (0x00000000d5ff3058) thrown at [D:\re\workspace\8-2-build-windows-amd64-cygwin\jdk8u20\1074\hotspot\src\share\vm\prims\methodHandles.cpp, line 1159]
Event: 0.333 Thread 0x0000000002870800 Exception <a 'java/lang/NoSuchFieldError': method resolution failed> (0x00000000d6001db0) thrown at [D:\re\workspace\8-2-build-windows-amd64-cygwin\jdk8u20\1074\hotspot\src\share\vm\prims\methodHandles.cpp, line 1159]
Event: 0.336 Thread 0x0000000002870800 Exception <a 'java/lang/NoSuchFieldError': method resolution failed> (0x00000000d6005230) thrown at [D:\re\workspace\8-2-build-windows-amd64-cygwin\jdk8u20\1074\hotspot\src\share\vm\prims\methodHandles.cpp, line 1159]
Event: 0.523 Thread 0x0000000002870800 Exception <a 'java/security/PrivilegedActionException'> (0x00000000d60a0350) thrown at [D:\re\workspace\8-2-build-windows-amd64-cygwin\jdk8u20\1074\hotspot\src\share\vm\prims\jvm.cpp, line 1275]
Event: 0.523 Thread 0x0000000002870800 Exception <a 'java/security/PrivilegedActionException'> (0x00000000d60a1480) thrown at [D:\re\workspace\8-2-build-windows-amd64-cygwin\jdk8u20\1074\hotspot\src\share\vm\prims\jvm.cpp, line 1275]
Event: 0.527 Thread 0x0000000002870800 Exception <a 'java/security/PrivilegedActionException'> (0x00000000d60a5aa8) thrown at [D:\re\workspace\8-2-build-windows-amd64-cygwin\jdk8u20\1074\hotspot\src\share\vm\prims\jvm.cpp, line 1275]
Event: 0.527 Thread 0x0000000002870800 Exception <a 'java/security/PrivilegedActionException'> (0x00000000d60a6bd8) thrown at [D:\re\workspace\8-2-build-windows-amd64-cygwin\jdk8u20\1074\hotspot\src\share\vm\prims\jvm.cpp, line 1275]

Events (10 events):
Event: 3.617 loading class sun/awt/AWTAccessor$ClientPropertyKeyAccessor done
Event: 3.617 loading class javax/swing/ClientPropertyKey$1 done
Event: 4.173 Executing VM operation: EnableBiasedLocking
Event: 4.173 Executing VM operation: EnableBiasedLocking done
Event: 5.488 loading class java/awt/Canvas
Event: 5.488 loading class java/awt/Canvas done
Event: 5.488 loading class java/awt/Scrollbar
Event: 5.608 loading class java/awt/Adjustable
Event: 5.608 loading class java/awt/Adjustable done
Event: 5.608 loading class java/awt/Scrollbar done


Dynamic libraries:
0x00007ff77cb50000 - 0x00007ff77cb84000 	C:\Program Files\Java\jdk1.8.0_20\bin\java.exe
0x00007ff849480000 - 0x00007ff849670000 	C:\WINDOWS\SYSTEM32\ntdll.dll
0x00007ff82d030000 - 0x00007ff82d044000 	C:\Program Files\AVAST Software\Avast\aswhook.dll
0x00007ff8491b0000 - 0x00007ff849262000 	C:\WINDOWS\System32\KERNEL32.DLL
0x00007ff846690000 - 0x00007ff846933000 	C:\WINDOWS\System32\KERNELBASE.dll
0x00007ff848b30000 - 0x00007ff848bd3000 	C:\WINDOWS\System32\ADVAPI32.dll
0x00007ff847530000 - 0x00007ff8475ce000 	C:\WINDOWS\System32\msvcrt.dll
0x00007ff848ed0000 - 0x00007ff848f67000 	C:\WINDOWS\System32\sechost.dll
0x00007ff8485e0000 - 0x00007ff848700000 	C:\WINDOWS\System32\RPCRT4.dll
0x00007ff848d30000 - 0x00007ff848ec4000 	C:\WINDOWS\System32\USER32.dll
0x00007ff846510000 - 0x00007ff846531000 	C:\WINDOWS\System32\win32u.dll
0x00007ff848400000 - 0x00007ff848426000 	C:\WINDOWS\System32\GDI32.dll
0x00007ff846a40000 - 0x00007ff846bd4000 	C:\WINDOWS\System32\gdi32full.dll
0x00007ff8465f0000 - 0x00007ff84668e000 	C:\WINDOWS\System32\msvcp_win.dll
0x00007ff846410000 - 0x00007ff84650a000 	C:\WINDOWS\System32\ucrtbase.dll
0x00007ff8376b0000 - 0x00007ff837935000 	C:\WINDOWS\WinSxS\amd64_microsoft.windows.common-controls_6595b64144ccf1df_6.0.18362.657_none_e6c5b579130e3898\COMCTL32.dll
0x00007ff848780000 - 0x00007ff848ab6000 	C:\WINDOWS\System32\combase.dll
0x00007ff8469c0000 - 0x00007ff846a40000 	C:\WINDOWS\System32\bcryptPrimitives.dll
0x00007ff849270000 - 0x00007ff84929e000 	C:\WINDOWS\System32\IMM32.DLL
0x00000000731b0000 - 0x0000000073282000 	C:\Program Files\Java\jdk1.8.0_20\jre\bin\msvcr100.dll
0x0000000073290000 - 0x0000000073ae8000 	C:\Program Files\Java\jdk1.8.0_20\jre\bin\server\jvm.dll
0x00007ff8491a0000 - 0x00007ff8491a8000 	C:\WINDOWS\System32\PSAPI.DLL
0x00007ff833ec0000 - 0x00007ff833ec9000 	C:\WINDOWS\SYSTEM32\WSOCK32.dll
0x00007ff848710000 - 0x00007ff84877f000 	C:\WINDOWS\System32\WS2_32.dll
0x00007ff843bd0000 - 0x00007ff843bf4000 	C:\WINDOWS\SYSTEM32\WINMM.dll
0x00007ff843ba0000 - 0x00007ff843bcd000 	C:\WINDOWS\SYSTEM32\WINMMBASE.dll
0x00007ff846970000 - 0x00007ff8469ba000 	C:\WINDOWS\System32\cfgmgr32.dll
0x0000000074020000 - 0x000000007402f000 	C:\Program Files\Java\jdk1.8.0_20\jre\bin\verify.dll
0x00000000730b0000 - 0x00000000730d8000 	C:\Program Files\Java\jdk1.8.0_20\jre\bin\java.dll
0x0000000074000000 - 0x0000000074016000 	C:\Program Files\Java\jdk1.8.0_20\jre\bin\zip.dll
0x00007ff8476a0000 - 0x00007ff847d85000 	C:\WINDOWS\System32\SHELL32.dll
0x00007ff847db0000 - 0x00007ff847e59000 	C:\WINDOWS\System32\shcore.dll
0x00007ff846c60000 - 0x00007ff8473df000 	C:\WINDOWS\System32\windows.storage.dll
0x00007ff846380000 - 0x00007ff84639f000 	C:\WINDOWS\System32\profapi.dll
0x00007ff8463a0000 - 0x00007ff8463ea000 	C:\WINDOWS\System32\powrprof.dll
0x00007ff846350000 - 0x00007ff846360000 	C:\WINDOWS\System32\UMPDC.dll
0x00007ff847640000 - 0x00007ff847692000 	C:\WINDOWS\System32\shlwapi.dll
0x00007ff846360000 - 0x00007ff846371000 	C:\WINDOWS\System32\kernel.appcore.dll
0x00007ff846be0000 - 0x00007ff846bf7000 	C:\WINDOWS\System32\cryptsp.dll
0x0000000072ed0000 - 0x0000000073068000 	C:\Program Files\Java\jdk1.8.0_20\jre\bin\awt.dll
0x00007ff848be0000 - 0x00007ff848ca4000 	C:\WINDOWS\System32\OLEAUT32.dll
0x00007ff843de0000 - 0x00007ff843e6f000 	C:\WINDOWS\SYSTEM32\apphelp.dll
0x00007ff844660000 - 0x00007ff84468d000 	C:\WINDOWS\system32\DWMAPI.DLL
0x00007ff8444a0000 - 0x00007ff844539000 	C:\WINDOWS\system32\uxtheme.dll
0x00007ff849300000 - 0x00007ff849435000 	C:\WINDOWS\System32\MSCTF.dll
0x00007ff848f70000 - 0x00007ff8490c6000 	C:\WINDOWS\System32\ole32.dll
0x000000001aaa0000 - 0x000000001ac67000 	C:\WINDOWS\system32\d3d9.dll
0x00007ff844fc0000 - 0x00007ff844fe0000 	C:\WINDOWS\SYSTEM32\dxcore.dll
0x00007ff808b80000 - 0x00007ff808d57000 	C:\WINDOWS\System32\DriverStore\FileRepository\ki127390.inf_amd64_e1ccb879ece8f084\igdumdim64.dll
0x00007ffffcff0000 - 0x00007ffffffed000 	C:\WINDOWS\System32\DriverStore\FileRepository\ki127390.inf_amd64_e1ccb879ece8f084\igd9dxva64.dll
0x00007ff83ad40000 - 0x00007ff83cad5000 	C:\WINDOWS\System32\DriverStore\FileRepository\ki127390.inf_amd64_e1ccb879ece8f084\igc64.dll
0x0000000072e80000 - 0x0000000072ec7000 	C:\Program Files\Java\jdk1.8.0_20\jre\bin\fontmanager.dll
0x00007ff837d60000 - 0x00007ff837dfe000 	C:\WINDOWS\System32\TextInputFramework.dll
0x00007ff83fee0000 - 0x00007ff84020a000 	C:\WINDOWS\System32\CoreUIComponents.dll
0x00007ff8439f0000 - 0x00007ff843ac4000 	C:\WINDOWS\System32\CoreMessaging.dll
0x00007ff8453b0000 - 0x00007ff8453e1000 	C:\WINDOWS\SYSTEM32\ntmarta.dll
0x00007ff840eb0000 - 0x00007ff841003000 	C:\WINDOWS\SYSTEM32\wintypes.dll
0x0000000073090000 - 0x00000000730aa000 	C:\Program Files\Java\jdk1.8.0_20\jre\bin\net.dll
0x00007ff845bc0000 - 0x00007ff845c27000 	C:\WINDOWS\system32\mswsock.dll
0x0000000073070000 - 0x0000000073081000 	C:\Program Files\Java\jdk1.8.0_20\jre\bin\nio.dll
0x0000000072e30000 - 0x0000000072e71000 	C:\Program Files\Java\jdk1.8.0_20\jre\bin\t2k.dll
0x00007ff835940000 - 0x00007ff835be6000 	C:\WINDOWS\System32\iertutil.dll

VM Arguments:
jvm_args: -Dfile.encoding=UTF-8 
java_command: jpegdemo.JPEGdemo
java_class_path (initial): C:\Users\rahul\Documents\NetBeansProjects\JPEGdemo\build\classes
Launcher Type: SUN_STANDARD

Environment Variables:
PATH=C:\ProgramData\Oracle\Java\javapath;C:\WINDOWS\system32;C:\WINDOWS;C:\WINDOWS\System32\Wbem;C:\WINDOWS\System32\WindowsPowerShell\v1.0\;C:\WINDOWS\System32\OpenSSH\;C:\Program Files\Microsoft SQL Server\110\DTS\Binn\;C:\Program Files (x86)\Microsoft SQL Server\110\Tools\Binn\;C:\Program Files\Microsoft SQL Server\110\Tools\Binn\;C:\Program Files (x86)\Microsoft SQL Server\110\Tools\Binn\ManagementStudio\;C:\Program Files (x86)\Microsoft Visual Studio 10.0\Common7\IDE\PrivateAssemblies\;C:\Program Files (x86)\Microsoft SQL Server\110\DTS\Binn\;C:\Program Files\MySQL\MySQL Server 5.5\bin;C:\Users\rahul\AppData\Local\Programs\Python\Python37\Scripts\;C:\Users\rahul\AppData\Local\Programs\Python\Python37\;C:\Users\rahul\AppData\Local\Microsoft\WindowsApps;
USERNAME=rahul
OS=Windows_NT
PROCESSOR_IDENTIFIER=Intel64 Family 6 Model 142 Stepping 10, GenuineIntel



---------------  S Y S T E M  ---------------

OS: Windows 8.1 , 64 bit Build 9600 

CPU:total 8 (4 cores per cpu, 2 threads per core) family 6 model 142 stepping 10, cmov, cx8, fxsr, mmx, sse, sse2, sse3, ssse3, sse4.1, sse4.2, popcnt, avx, avx2, aes, clmul, erms, lzcnt, ht, tsc, tscinvbit, bmi1, bmi2

Memory: 4k page, physical 8283900k(2201484k free), swap 33449724k(5248k free)

vm_info: Java HotSpot(TM) 64-Bit Server VM (25.20-b23) for windows-amd64 JRE (1.8.0_20-b26), built on Jul 30 2014 13:51:23 by "java_re" with MS VC++ 10.0 (VS2010)

time: Mon Feb 17 23:06:26 2020
elapsed time: 7 seconds (0d 0h 0m 7s)

