#
# There is insufficient memory for the Java Runtime Environment to continue.
# Native memory allocation (malloc) failed to allocate 1048576 bytes for AllocateHeap
# Possible reasons:
#   The system is out of physical RAM or swap space
#   In 32 bit mode, the process size limit was hit
# Possible solutions:
#   Reduce memory load on the system
#   Increase physical memory or swap space
#   Check if swap backing store is full
#   Use 64 bit Java on a 64 bit OS
#   Decrease Java heap size (-Xmx/-Xms)
#   Decrease number of Java threads
#   Decrease Java thread stack sizes (-Xss)
#   Set larger code cache with -XX:ReservedCodeCacheSize=
# This output file may be truncated or incomplete.
#
#  Out of Memory Error (memory/allocation.inline.hpp:62), pid=2972, tid=7976
#
# JRE version:  (8.0_20-b26) (build )
# Java VM: Java HotSpot(TM) 64-Bit Server VM (25.20-b23 mixed mode windows-amd64 compressed oops)
# Failed to write core dump. Minidumps are not enabled by default on client versions of Windows
#

---------------  T H R E A D  ---------------

Current thread (0x0000000002f50800):  JavaThread "Unknown thread" [_thread_in_vm, id=7976, stack(0x0000000002de0000,0x0000000002ee0000)]

Stack: [0x0000000002de0000,0x0000000002ee0000]
Native frames: (J=compiled Java code, j=interpreted, Vv=VM code, C=native code)
V  [jvm.dll+0x3152fa]
V  [jvm.dll+0x265d03]
V  [jvm.dll+0x266943]
V  [jvm.dll+0x25e265]
V  [jvm.dll+0x3ddc3f]
V  [jvm.dll+0x3de73f]
V  [jvm.dll+0x3de854]
V  [jvm.dll+0x3dea23]
V  [jvm.dll+0xe4472]
V  [jvm.dll+0x1f8a09]
V  [jvm.dll+0x229fc4]
V  [jvm.dll+0x14c6f1]
C  [java.exe+0x20b6]
C  [java.exe+0xc9bb]
C  [java.exe+0xca4f]
C  [KERNEL32.DLL+0x17bd4]
C  [ntdll.dll+0x6ced1]


---------------  P R O C E S S  ---------------

Java Threads: ( => current thread )

Other Threads:

=>0x0000000002f50800 (exited) JavaThread "Unknown thread" [_thread_in_vm, id=7976, stack(0x0000000002de0000,0x0000000002ee0000)]

VM state:not at safepoint (normal execution)

VM Mutex/Monitor currently owned by a thread: None

Heap:
 PSYoungGen      total 38400K, used 665K [0x00000000d5d80000, 0x00000000d8800000, 0x0000000100000000)
  eden space 33280K, 2% used [0x00000000d5d80000,0x00000000d5e26670,0x00000000d7e00000)
  from space 5120K, 0% used [0x00000000d8300000,0x00000000d8300000,0x00000000d8800000)
  to   space 5120K, 0% used [0x00000000d7e00000,0x00000000d7e00000,0x00000000d8300000)
 ParOldGen       total 87552K, used 0K [0x0000000081800000, 0x0000000086d80000, 0x00000000d5d80000)
  object space 87552K, 0% used [0x0000000081800000,0x0000000081800000,0x0000000086d80000)
 Metaspace       used 674K, capacity 4480K, committed 4480K, reserved 1056768K
  class space    used 66K, capacity 384K, committed 384K, reserved 1048576K

Card table byte_map: [0x0000000012410000,0x0000000012810000] byte_map_base: 0x0000000012004000

Marking Bits: (ParMarkBitMap*) 0x0000000061d1b460
 Begin Bits: [0x00000000132c0000, 0x0000000015260000)
 End Bits:   [0x0000000015260000, 0x0000000017200000)

Polling page: 0x0000000001600000

CodeCache: size=245760Kb used=327Kb max_used=327Kb free=245432Kb
 bounds [0x0000000003050000, 0x00000000032c0000, 0x0000000012050000]
 total_blobs=56 nmethods=0 adapters=37
 compilation: enabled

Compilation events (0 events):
No events

GC Heap History (0 events):
No events

Deoptimization events (0 events):
No events

Internal exceptions (0 events):
No events

Events (10 events):
Event: 0.021 loading class java/lang/Short
Event: 0.021 loading class java/lang/Short done
Event: 0.021 loading class java/lang/Integer
Event: 0.021 loading class java/lang/Integer done
Event: 0.021 loading class java/lang/Long
Event: 0.022 loading class java/lang/Long done
Event: 0.022 loading class java/lang/NullPointerException
Event: 0.022 loading class java/lang/NullPointerException done
Event: 0.022 loading class java/lang/ArithmeticException
Event: 0.022 loading class java/lang/ArithmeticException done


Dynamic libraries:
0x00007ff6a3130000 - 0x00007ff6a3164000 	C:\Program Files\Java\jdk1.8.0_20\bin\java.exe
0x00007fff81480000 - 0x00007fff81670000 	C:\WINDOWS\SYSTEM32\ntdll.dll
0x00007fff7f710000 - 0x00007fff7f7c2000 	C:\WINDOWS\System32\KERNEL32.DLL
0x00007fff7e520000 - 0x00007fff7e7c3000 	C:\WINDOWS\System32\KERNELBASE.dll
0x00007fff80d70000 - 0x00007fff80e13000 	C:\WINDOWS\System32\ADVAPI32.dll
0x00007fff80c90000 - 0x00007fff80d2e000 	C:\WINDOWS\System32\msvcrt.dll
0x00007fff7fa80000 - 0x00007fff7fb17000 	C:\WINDOWS\System32\sechost.dll
0x00007fff80b70000 - 0x00007fff80c90000 	C:\WINDOWS\System32\RPCRT4.dll
0x00007fff7f7d0000 - 0x00007fff7f964000 	C:\WINDOWS\System32\USER32.dll
0x00007fff7ef50000 - 0x00007fff7ef71000 	C:\WINDOWS\System32\win32u.dll
0x00007fff7fc70000 - 0x00007fff7fc96000 	C:\WINDOWS\System32\GDI32.dll
0x00007fff7f1f0000 - 0x00007fff7f384000 	C:\WINDOWS\System32\gdi32full.dll
0x00007fff7f150000 - 0x00007fff7f1ee000 	C:\WINDOWS\System32\msvcp_win.dll
0x00007fff7ef80000 - 0x00007fff7f07a000 	C:\WINDOWS\System32\ucrtbase.dll
0x00007fff6b5e0000 - 0x00007fff6b865000 	C:\WINDOWS\WinSxS\amd64_microsoft.windows.common-controls_6595b64144ccf1df_6.0.18362.418_none_e6c6b287130d565d\COMCTL32.dll
0x00007fff7ff60000 - 0x00007fff80296000 	C:\WINDOWS\System32\combase.dll
0x00007fff7e4a0000 - 0x00007fff7e520000 	C:\WINDOWS\System32\bcryptPrimitives.dll
0x00007fff80d40000 - 0x00007fff80d6e000 	C:\WINDOWS\System32\IMM32.DLL
0x0000000061460000 - 0x0000000061532000 	C:\Program Files\Java\jdk1.8.0_20\jre\bin\msvcr100.dll
0x0000000061540000 - 0x0000000061d98000 	C:\Program Files\Java\jdk1.8.0_20\jre\bin\server\jvm.dll
0x00007fff7ff50000 - 0x00007fff7ff58000 	C:\WINDOWS\System32\PSAPI.DLL
0x00007fff6a200000 - 0x00007fff6a209000 	C:\WINDOWS\SYSTEM32\WSOCK32.dll
0x00007fff79ad0000 - 0x00007fff79af4000 	C:\WINDOWS\SYSTEM32\WINMM.dll
0x00007fff7fd00000 - 0x00007fff7fd6f000 	C:\WINDOWS\System32\WS2_32.dll
0x00007fff79850000 - 0x00007fff7987d000 	C:\WINDOWS\SYSTEM32\winmmbase.dll
0x00007fff7f390000 - 0x00007fff7f3da000 	C:\WINDOWS\System32\cfgmgr32.dll
0x0000000061450000 - 0x000000006145f000 	C:\Program Files\Java\jdk1.8.0_20\jre\bin\verify.dll
0x0000000061420000 - 0x0000000061448000 	C:\Program Files\Java\jdk1.8.0_20\jre\bin\java.dll
0x0000000061400000 - 0x0000000061416000 	C:\Program Files\Java\jdk1.8.0_20\jre\bin\zip.dll
0x00007fff7cb20000 - 0x00007fff7cd14000 	C:\WINDOWS\SYSTEM32\dbghelp.dll

VM Arguments:
jvm_args: -Dfile.encoding=UTF-8 
java_command: genericdemo1.GenericDemo1
java_class_path (initial): C:\Users\rahul\Documents\NetBeansProjects\GenericDemo1\build\classes
Launcher Type: SUN_STANDARD

Environment Variables:
PATH=C:\ProgramData\Oracle\Java\javapath;C:\WINDOWS\system32;C:\WINDOWS;C:\WINDOWS\System32\Wbem;C:\WINDOWS\System32\WindowsPowerShell\v1.0\;C:\WINDOWS\System32\OpenSSH\;C:\Program Files\Microsoft SQL Server\110\DTS\Binn\;C:\Program Files (x86)\Microsoft SQL Server\110\Tools\Binn\;C:\Program Files\Microsoft SQL Server\110\Tools\Binn\;C:\Program Files (x86)\Microsoft SQL Server\110\Tools\Binn\ManagementStudio\;C:\Program Files (x86)\Microsoft Visual Studio 10.0\Common7\IDE\PrivateAssemblies\;C:\Program Files (x86)\Microsoft SQL Server\110\DTS\Binn\;C:\Program Files\MySQL\MySQL Server 5.5\bin;C:\Users\rahul\AppData\Local\Programs\Python\Python37\Scripts\;C:\Users\rahul\AppData\Local\Programs\Python\Python37\;C:\Users\rahul\AppData\Local\Microsoft\WindowsApps;
USERNAME=rahul
OS=Windows_NT
PROCESSOR_IDENTIFIER=Intel64 Family 6 Model 142 Stepping 10, GenuineIntel



---------------  S Y S T E M  ---------------

OS: Windows 8.1 , 64 bit Build 9600 

CPU:total 8 (4 cores per cpu, 2 threads per core) family 6 model 142 stepping 10, cmov, cx8, fxsr, mmx, sse, sse2, sse3, ssse3, sse4.1, sse4.2, popcnt, avx, avx2, aes, clmul, erms, lzcnt, ht, tsc, tscinvbit, bmi1, bmi2

Memory: 4k page, physical 8283900k(768800k free), swap 33449724k(2188k free)

vm_info: Java HotSpot(TM) 64-Bit Server VM (25.20-b23) for windows-amd64 JRE (1.8.0_20-b26), built on Jul 30 2014 13:51:23 by "java_re" with MS VC++ 10.0 (VS2010)

time: Fri Nov 01 14:00:30 2019
elapsed time: 0 seconds (0d 0h 0m 0s)

